Feature: Validating wishkarma functioalities

  @login
  Scenario: Login test case                                      [90m# wishkarma.feature:4[0m
    [31mGiven [0m[31muser navigates to UR[0m[31m[1mL[0m[31m...[0m[31m[1mLogin:navigateToURL[0m            [90m# stepDefinitions.executeMethod1(String,String)[0m
      [31mjava.lang.reflect.InvocationTargetException
      	at sun.reflect.NativeMethodAccessorImpl.invoke0(Native Method)
      	at sun.reflect.NativeMethodAccessorImpl.invoke(NativeMethodAccessorImpl.java:62)
      	at sun.reflect.DelegatingMethodAccessorImpl.invoke(DelegatingMethodAccessorImpl.java:43)
      	at java.lang.reflect.Method.invoke(Method.java:498)
      	at utils.WebDriverUtils.executeMethod(WebDriverUtils.java:340)
      	at stepdefinition.stepDefinitions.executeMethod1(stepDefinitions.java:18)
      	at âœ½.Given user navigates to URL...Login:navigateToURL(wishkarma.feature:6)
      Caused by: org.openqa.selenium.NoSuchWindowException: no such window: target window already closed
      from unknown error: web view not found
        (Session info: chrome=68.0.3440.106)
        (Driver info: chromedriver=2.39.562718 (9a2698cba08cf5a471a29d30c8b3e12becabb0e9),platform=Windows NT 10.0.17134 x86_64) (WARNING: The server did not provide any stacktrace information)
      Command duration or timeout: 0 milliseconds
      Build info: version: '3.5.1', revision: '9c21bb67ef', time: '2017-08-17T15:26:08.955Z'
      System info: host: 'DESKTOP-U77UHNF', ip: '192.168.0.13', os.name: 'Windows 10', os.arch: 'amd64', os.version: '10.0', java.version: '1.8.0_151'
      Driver info: org.openqa.selenium.chrome.ChromeDriver
      Capabilities [{mobileEmulationEnabled=false, hasTouchScreen=false, platform=XP, acceptSslCerts=false, acceptInsecureCerts=false, webStorageEnabled=true, browserName=chrome, takesScreenshot=true, javascriptEnabled=true, setWindowRect=true, unexpectedAlertBehaviour=, applicationCacheEnabled=false, rotatable=false, networkConnectionEnabled=false, chrome={chromedriverVersion=2.39.562718 (9a2698cba08cf5a471a29d30c8b3e12becabb0e9), userDataDir=C:\Users\HOME\AppData\Local\Temp\scoped_dir16472_16180}, takesHeapSnapshot=true, pageLoadStrategy=normal, unhandledPromptBehavior=, databaseEnabled=false, handlesAlerts=true, version=68.0.3440.106, browserConnectionEnabled=false, nativeEvents=true, locationContextEnabled=true, cssSelectorsEnabled=true}]
      Session ID: 1de16fe8d49a14dfae8d60105c38fc1b
      	at sun.reflect.NativeConstructorAccessorImpl.newInstance0(Native Method)
      	at sun.reflect.NativeConstructorAccessorImpl.newInstance(NativeConstructorAccessorImpl.java:62)
      	at sun.reflect.DelegatingConstructorAccessorImpl.newInstance(DelegatingConstructorAccessorImpl.java:45)
      	at java.lang.reflect.Constructor.newInstance(Constructor.java:423)
      	at org.openqa.selenium.remote.ErrorHandler.createThrowable(ErrorHandler.java:215)
      	at org.openqa.selenium.remote.ErrorHandler.throwIfResponseFailed(ErrorHandler.java:167)
      	at org.openqa.selenium.remote.http.JsonHttpResponseCodec.reconstructValue(JsonHttpResponseCodec.java:40)
      	at org.openqa.selenium.remote.http.AbstractHttpResponseCodec.decode(AbstractHttpResponseCodec.java:82)
      	at org.openqa.selenium.remote.http.AbstractHttpResponseCodec.decode(AbstractHttpResponseCodec.java:45)
      	at org.openqa.selenium.remote.HttpCommandExecutor.execute(HttpCommandExecutor.java:164)
      	at org.openqa.selenium.remote.service.DriverCommandExecutor.execute(DriverCommandExecutor.java:82)
      	at org.openqa.selenium.remote.RemoteWebDriver.execute(RemoteWebDriver.java:641)
      	at org.openqa.selenium.remote.RemoteWebDriver.execute(RemoteWebDriver.java:698)
      	at org.openqa.selenium.remote.RemoteWebDriver.getScreenshotAs(RemoteWebDriver.java:386)
      	at utils.WebDriverUtils.captureScreenshotAndGetpath(WebDriverUtils.java:190)
      	at pageClasses.Login.navigateToURL(Login.java:77)
      	at sun.reflect.NativeMethodAccessorImpl.invoke0(Native Method)
      	at sun.reflect.NativeMethodAccessorImpl.invoke(NativeMethodAccessorImpl.java:62)
      	at sun.reflect.DelegatingMethodAccessorImpl.invoke(DelegatingMethodAccessorImpl.java:43)
      	at java.lang.reflect.Method.invoke(Method.java:498)
      	at utils.WebDriverUtils.executeMethod(WebDriverUtils.java:340)
      	at stepdefinition.stepDefinitions.executeMethod1(stepDefinitions.java:18)
      	at sun.reflect.NativeMethodAccessorImpl.invoke0(Native Method)
      	at sun.reflect.NativeMethodAccessorImpl.invoke(NativeMethodAccessorImpl.java:62)
      	at sun.reflect.DelegatingMethodAccessorImpl.invoke(DelegatingMethodAccessorImpl.java:43)
      	at java.lang.reflect.Method.invoke(Method.java:498)
      	at cucumber.runtime.Utils$1.call(Utils.java:40)
      	at cucumber.runtime.Timeout.timeout(Timeout.java:16)
      	at cucumber.runtime.Utils.invoke(Utils.java:34)
      	at cucumber.runtime.java.JavaStepDefinition.execute(JavaStepDefinition.java:38)
      	at cucumber.runtime.StepDefinitionMatch.runStep(StepDefinitionMatch.java:37)
      	at cucumber.runtime.ExtendedRuntime.runStep(ExtendedRuntime.java:319)
      	at cucumber.runtime.model.StepContainer.runStep(StepContainer.java:44)
      	at cucumber.runtime.model.StepContainer.runSteps(StepContainer.java:39)
      	at cucumber.runtime.model.CucumberScenario.run(CucumberScenario.java:44)
      	at com.github.mkolisnyk.cucumber.runner.ExtendedExecutionUnitRunner.run(ExtendedExecutionUnitRunner.java:32)
      	at com.github.mkolisnyk.cucumber.runner.ExtendedFeatureRunner.runChild(ExtendedFeatureRunner.java:81)
      	at com.github.mkolisnyk.cucumber.runner.ExtendedFeatureRunner.runChild(ExtendedFeatureRunner.java:23)
      	at org.junit.runners.ParentRunner$3.run(ParentRunner.java:238)
      	at org.junit.runners.ParentRunner$1.schedule(ParentRunner.java:63)
      	at org.junit.runners.ParentRunner.runChildren(ParentRunner.java:236)
      	at org.junit.runners.ParentRunner.access$000(ParentRunner.java:53)
      	at org.junit.runners.ParentRunner$2.evaluate(ParentRunner.java:229)
      	at org.junit.runners.ParentRunner.run(ParentRunner.java:309)
      	at cucumber.runtime.junit.FeatureRunner.run(FeatureRunner.java:70)
      	at com.github.mkolisnyk.cucumber.runner.ExtendedCucumber.runChild(ExtendedCucumber.java:108)
      	at com.github.mkolisnyk.cucumber.runner.ExtendedCucumber.runChild(ExtendedCucumber.java:32)
      	at org.junit.runners.ParentRunner$3.run(ParentRunner.java:238)
      	at org.junit.runners.ParentRunner$1.schedule(ParentRunner.java:63)
      	at org.junit.runners.ParentRunner.runChildren(ParentRunner.java:236)
      	at org.junit.runners.ParentRunner.access$000(ParentRunner.java:53)
      	at org.junit.runners.ParentRunner$2.evaluate(ParentRunner.java:229)
      	at org.junit.runners.ParentRunner.run(ParentRunner.java:309)
      	at com.github.mkolisnyk.cucumber.runner.ExtendedCucumber.run(ExtendedCucumber.java:148)
      	at org.eclipse.jdt.internal.junit4.runner.JUnit4TestReference.run(JUnit4TestReference.java:86)
      	at org.eclipse.jdt.internal.junit.runner.TestExecution.run(TestExecution.java:38)
      	at org.eclipse.jdt.internal.junit.runner.RemoteTestRunner.runTests(RemoteTestRunner.java:459)
      	at org.eclipse.jdt.internal.junit.runner.RemoteTestRunner.runTests(RemoteTestRunner.java:678)
      	at org.eclipse.jdt.internal.junit.runner.RemoteTestRunner.run(RemoteTestRunner.java:382)
      	at org.eclipse.jdt.internal.junit.runner.RemoteTestRunner.main(RemoteTestRunner.java:192)
      [0m
    [36mAnd [0m[36muser login into applicatio[0m[36m[1mn[0m[36m...[0m[36m[1mLogin:loginIntoApplication[0m [90m# stepDefinitions.executeMethod1(String,String)[0m

  @login
  Scenario: Login test case                                      [90m# wishkarma.feature:4[0m
    [32mGiven [0m[32muser navigates to UR[0m[32m[1mL[0m[32m...[0m[32m[1mLogin:navigateToURL[0m            [90m# stepDefinitions.executeMethod1(String,String)[0m
    [31mAnd [0m[31muser login into applicatio[0m[31m[1mn[0m[31m...[0m[31m[1mLogin:loginIntoApplication[0m [90m# stepDefinitions.executeMethod1(String,String)[0m
      [31mjava.lang.reflect.InvocationTargetException
      	at sun.reflect.NativeMethodAccessorImpl.invoke0(Native Method)
      	at sun.reflect.NativeMethodAccessorImpl.invoke(NativeMethodAccessorImpl.java:62)
      	at sun.reflect.DelegatingMethodAccessorImpl.invoke(DelegatingMethodAccessorImpl.java:43)
      	at java.lang.reflect.Method.invoke(Method.java:498)
      	at utils.WebDriverUtils.executeMethod(WebDriverUtils.java:340)
      	at stepdefinition.stepDefinitions.executeMethod1(stepDefinitions.java:18)
      	at âœ½.And user login into application...Login:loginIntoApplication(wishkarma.feature:7)
      Caused by: org.openqa.selenium.TimeoutException: Expected condition failed: waiting for utils.WebDriverUtils$$Lambda$121/1815025408@2b50150 (tried for 30 second(s) with 500 MILLISECONDS interval)
      	at org.openqa.selenium.support.ui.WebDriverWait.timeoutException(WebDriverWait.java:80)
      	at org.openqa.selenium.support.ui.FluentWait.until(FluentWait.java:232)
      	at utils.WebDriverUtils.waitUntilPageLoads(WebDriverUtils.java:110)
      	at pageClasses.Login.clickSignIn(Login.java:104)
      	at pageClasses.Login.loginIntoApplication(Login.java:47)
      	at sun.reflect.NativeMethodAccessorImpl.invoke0(Native Method)
      	at sun.reflect.NativeMethodAccessorImpl.invoke(NativeMethodAccessorImpl.java:62)
      	at sun.reflect.DelegatingMethodAccessorImpl.invoke(DelegatingMethodAccessorImpl.java:43)
      	at java.lang.reflect.Method.invoke(Method.java:498)
      	at utils.WebDriverUtils.executeMethod(WebDriverUtils.java:340)
      	at stepdefinition.stepDefinitions.executeMethod1(stepDefinitions.java:18)
      	at sun.reflect.NativeMethodAccessorImpl.invoke0(Native Method)
      	at sun.reflect.NativeMethodAccessorImpl.invoke(NativeMethodAccessorImpl.java:62)
      	at sun.reflect.DelegatingMethodAccessorImpl.invoke(DelegatingMethodAccessorImpl.java:43)
      	at java.lang.reflect.Method.invoke(Method.java:498)
      	at cucumber.runtime.Utils$1.call(Utils.java:40)
      	at cucumber.runtime.Timeout.timeout(Timeout.java:16)
      	at cucumber.runtime.Utils.invoke(Utils.java:34)
      	at cucumber.runtime.java.JavaStepDefinition.execute(JavaStepDefinition.java:38)
      	at cucumber.runtime.StepDefinitionMatch.runStep(StepDefinitionMatch.java:37)
      	at cucumber.runtime.ExtendedRuntime.runStep(ExtendedRuntime.java:319)
      	at cucumber.runtime.model.StepContainer.runStep(StepContainer.java:44)
      	at cucumber.runtime.model.StepContainer.runSteps(StepContainer.java:39)
      	at cucumber.runtime.model.CucumberScenario.run(CucumberScenario.java:44)
      	at com.github.mkolisnyk.cucumber.runner.ExtendedExecutionUnitRunner.run(ExtendedExecutionUnitRunner.java:32)
      	at com.github.mkolisnyk.cucumber.runner.ExtendedFeatureRunner.retry(ExtendedFeatureRunner.java:126)
      	at com.github.mkolisnyk.cucumber.runner.ExtendedFeatureRunner.runChild(ExtendedFeatureRunner.java:90)
      	at com.github.mkolisnyk.cucumber.runner.ExtendedFeatureRunner.runChild(ExtendedFeatureRunner.java:23)
      	at org.junit.runners.ParentRunner$3.run(ParentRunner.java:238)
      	at org.junit.runners.ParentRunner$1.schedule(ParentRunner.java:63)
      	at org.junit.runners.ParentRunner.runChildren(ParentRunner.java:236)
      	at org.junit.runners.ParentRunner.access$000(ParentRunner.java:53)
      	at org.junit.runners.ParentRunner$2.evaluate(ParentRunner.java:229)
      	at org.junit.runners.ParentRunner.run(ParentRunner.java:309)
      	at cucumber.runtime.junit.FeatureRunner.run(FeatureRunner.java:70)
      	at com.github.mkolisnyk.cucumber.runner.ExtendedCucumber.runChild(ExtendedCucumber.java:108)
      	at com.github.mkolisnyk.cucumber.runner.ExtendedCucumber.runChild(ExtendedCucumber.java:32)
      	at org.junit.runners.ParentRunner$3.run(ParentRunner.java:238)
      	at org.junit.runners.ParentRunner$1.schedule(ParentRunner.java:63)
      	at org.junit.runners.ParentRunner.runChildren(ParentRunner.java:236)
      	at org.junit.runners.ParentRunner.access$000(ParentRunner.java:53)
      	at org.junit.runners.ParentRunner$2.evaluate(ParentRunner.java:229)
      	at org.junit.runners.ParentRunner.run(ParentRunner.java:309)
      	at com.github.mkolisnyk.cucumber.runner.ExtendedCucumber.run(ExtendedCucumber.java:148)
      	at org.eclipse.jdt.internal.junit4.runner.JUnit4TestReference.run(JUnit4TestReference.java:86)
      	at org.eclipse.jdt.internal.junit.runner.TestExecution.run(TestExecution.java:38)
      	at org.eclipse.jdt.internal.junit.runner.RemoteTestRunner.runTests(RemoteTestRunner.java:459)
      	at org.eclipse.jdt.internal.junit.runner.RemoteTestRunner.runTests(RemoteTestRunner.java:678)
      	at org.eclipse.jdt.internal.junit.runner.RemoteTestRunner.run(RemoteTestRunner.java:382)
      	at org.eclipse.jdt.internal.junit.runner.RemoteTestRunner.main(RemoteTestRunner.java:192)
      Caused by: org.openqa.selenium.NoSuchWindowException: no such window: target window already closed
      from unknown error: web view not found
        (Session info: chrome=68.0.3440.106)
        (Driver info: chromedriver=2.39.562718 (9a2698cba08cf5a471a29d30c8b3e12becabb0e9),platform=Windows NT 10.0.17134 x86_64) (WARNING: The server did not provide any stacktrace information)
      Command duration or timeout: 0 milliseconds
      Build info: version: '3.5.1', revision: '9c21bb67ef', time: '2017-08-17T15:26:08.955Z'
      System info: host: 'DESKTOP-U77UHNF', ip: '192.168.0.13', os.name: 'Windows 10', os.arch: 'amd64', os.version: '10.0', java.version: '1.8.0_151'
      Driver info: org.openqa.selenium.chrome.ChromeDriver
      Capabilities [{mobileEmulationEnabled=false, hasTouchScreen=false, platform=XP, acceptSslCerts=false, acceptInsecureCerts=false, webStorageEnabled=true, browserName=chrome, takesScreenshot=true, javascriptEnabled=true, setWindowRect=true, unexpectedAlertBehaviour=, applicationCacheEnabled=false, rotatable=false, networkConnectionEnabled=false, chrome={chromedriverVersion=2.39.562718 (9a2698cba08cf5a471a29d30c8b3e12becabb0e9), userDataDir=C:\Users\HOME\AppData\Local\Temp\scoped_dir21864_6340}, takesHeapSnapshot=true, pageLoadStrategy=normal, unhandledPromptBehavior=, databaseEnabled=false, handlesAlerts=true, version=68.0.3440.106, browserConnectionEnabled=false, nativeEvents=true, locationContextEnabled=true, cssSelectorsEnabled=true}]
      Session ID: 5feaf4034ea4d305514973758594b1c8
      	at sun.reflect.GeneratedConstructorAccessor10.newInstance(Unknown Source)
      	at sun.reflect.DelegatingConstructorAccessorImpl.newInstance(DelegatingConstructorAccessorImpl.java:45)
      	at java.lang.reflect.Constructor.newInstance(Constructor.java:423)
      	at org.openqa.selenium.remote.ErrorHandler.createThrowable(ErrorHandler.java:215)
      	at org.openqa.selenium.remote.ErrorHandler.throwIfResponseFailed(ErrorHandler.java:167)
      	at org.openqa.selenium.remote.http.JsonHttpResponseCodec.reconstructValue(JsonHttpResponseCodec.java:40)
      	at org.openqa.selenium.remote.http.AbstractHttpResponseCodec.decode(AbstractHttpResponseCodec.java:82)
      	at org.openqa.selenium.remote.http.AbstractHttpResponseCodec.decode(AbstractHttpResponseCodec.java:45)
      	at org.openqa.selenium.remote.HttpCommandExecutor.execute(HttpCommandExecutor.java:164)
      	at org.openqa.selenium.remote.service.DriverCommandExecutor.execute(DriverCommandExecutor.java:82)
      	at org.openqa.selenium.remote.RemoteWebDriver.execute(RemoteWebDriver.java:641)
      	at org.openqa.selenium.remote.RemoteWebDriver.executeScript(RemoteWebDriver.java:577)
      	at utils.WebDriverUtils.lambda$1(WebDriverUtils.java:111)
      	at org.openqa.selenium.support.ui.FluentWait.until(FluentWait.java:209)
      	... 48 more
      [0m

  @login
  Scenario: Login test case                                      [90m# wishkarma.feature:4[0m
    [32mGiven [0m[32muser navigates to UR[0m[32m[1mL[0m[32m...[0m[32m[1mLogin:navigateToURL[0m            [90m# stepDefinitions.executeMethod1(String,String)[0m
    [32mAnd [0m[32muser login into applicatio[0m[32m[1mn[0m[32m...[0m[32m[1mLogin:loginIntoApplication[0m [90m# stepDefinitions.executeMethod1(String,String)[0m
